<?xml version="1.0" encoding="utf-8"?>
<TestRun id="6e6da0e9-656e-44c3-84dd-9a417bffb926" name="srava@BOOK-0BFB5HL1LM 2025-10-23 19:14:31" runUser="BOOK-0BFB5HL1LM\srava" xmlns="http://microsoft.com/schemas/VisualStudio/TeamTest/2010">
  <Times creation="2025-10-23T19:14:31.3946088+01:00" queuing="2025-10-23T19:14:31.3946095+01:00" start="2025-10-23T19:14:10.6011354+01:00" finish="2025-10-23T19:14:36.3450427+01:00" />
  <TestSettings name="default" id="f9fec345-94b0-499d-92a0-e9a72204a230">
    <Deployment runDeploymentRoot="srava_BOOK-0BFB5HL1LM_2025-10-23_19_14_31" />
  </TestSettings>
  <Results>
    <UnitTestResult executionId="7a3e9cc0-3fa9-4614-adf1-dc3d543ac56d" testId="d3974eea-efd8-870a-387c-3a8dcbd38321" testName="VerifyOrdersListedCorrectly(&quot;electric&quot;,&quot;23&quot;,&quot;2&quot;,null)" computerName="BOOK-0BFB5HL1LM" duration="00:00:00.8680670" startTime="2025-10-23T19:14:34.5814566+01:00" endTime="2025-10-23T19:14:35.4495223+01:00" testType="13cdc9d9-ddb5-4fa4-a97d-d965ccfc6d4b" outcome="Passed" testListId="8c84fa94-04c1-424b-9868-57a2d4851a1d" relativeResultsDirectory="7a3e9cc0-3fa9-4614-adf1-dc3d543ac56d">
      <Output>
        <StdOut>When I retrieve the list of orders&#xD;
\ud83c\udf0d Running tests in 'qa' environment&#xD;
✅ Access Token retrieved successfully&#xD;
Status: 200, OK: True&#xD;
Response Body: [{"fuel":"electric","id":"080d9823-e874-4b5b-99ff-2021f2a59b25","quantity":23,"time":"Mon, 7 Feb 2022 00:01:24 GMT"},{"fuel":"gas","id":"31fc32da-bccb-44ab-9352-4f43fc44ed4b","quantity":5,"time":"Thu, 10 Mar 2022 09:23:24 GMT"},{"fuel":"oil","id":"080d9823-e874-4b5b-99ff-2021f2a59b24","quantity":25,"time":"Thu, 10 Mar 2022 00:01:24 GMT"},{"fuel":"nuclear","id":"2cdd6f69-95df-437e-b4d3-e772472db8de","quantity":15,"time":"Tue, 08 Feb 2022 01:01:24 GMT"},{"fuel":"gas","id":"31fc32da-bccb-44ab-9352-4f43fc44ed4b","quantity":5,"time":"Thu, 10 Mar 2022 09:01:24 GMT"}]&#xD;
&#xD;
API Response: [{"fuel":"electric","id":"080d9823-e874-4b5b-99ff-2021f2a59b25","quantity":23,"time":"Mon, 7 Feb 2022 00:01:24 GMT"},{"fuel":"gas","id":"31fc32da-bccb-44ab-9352-4f43fc44ed4b","quantity":5,"time":"Thu, 10 Mar 2022 09:23:24 GMT"},{"fuel":"oil","id":"080d9823-e874-4b5b-99ff-2021f2a59b24","quantity":25,"time":"Thu, 10 Mar 2022 00:01:24 GMT"},{"fuel":"nuclear","id":"2cdd6f69-95df-437e-b4d3-e772472db8de","quantity":15,"time":"Tue, 08 Feb 2022 01:01:24 GMT"},{"fuel":"gas","id":"31fc32da-bccb-44ab-9352-4f43fc44ed4b","quantity":5,"time":"Thu, 10 Mar 2022 09:01:24 GMT"}]&#xD;
&#xD;
-&gt; done: PurchaseApplicationAPIStepDefinitions.WhenIRetrieveTheListOfOrders() (0.2s)&#xD;
Then the response status should be 200&#xD;
-&gt; done: PurchaseApplicationAPIStepDefinitions.ThenTheResponseStatusShouldBe(200) (0.0s)&#xD;
And the order should be listed with electric and 23&#xD;
Matching order: {&#xD;
  "fuel": "electric",&#xD;
  "id": "080d9823-e874-4b5b-99ff-2021f2a59b25",&#xD;
  "quantity": 23,&#xD;
  "time": "Mon, 7 Feb 2022 00:01:24 GMT"&#xD;
}&#xD;
-&gt; done: PurchaseApplicationAPIStepDefinitions.ThenOrderShouldBeListed("electric", 23) (0.0s)</StdOut>
      </Output>
    </UnitTestResult>
    <UnitTestResult executionId="9c493e50-d434-4594-bda9-aeee2fcb41fe" testId="3a50f32f-3dde-9e7a-e302-c9ad6e859201" testName="CountHowManyOrdersWereCreatedBeforeTheCurrentDate" computerName="BOOK-0BFB5HL1LM" duration="00:00:00.8481280" startTime="2025-10-23T19:14:31.3470822+01:00" endTime="2025-10-23T19:14:32.1952096+01:00" testType="13cdc9d9-ddb5-4fa4-a97d-d965ccfc6d4b" outcome="Passed" testListId="8c84fa94-04c1-424b-9868-57a2d4851a1d" relativeResultsDirectory="9c493e50-d434-4594-bda9-aeee2fcb41fe">
      <Output>
        <StdOut>When I retrieve the list of orders&#xD;
\ud83c\udf0d Running tests in 'qa' environment&#xD;
✅ Access Token retrieved successfully&#xD;
Status: 200, OK: True&#xD;
Response Body: [{"fuel":"gas","id":"31fc32da-bccb-44ab-9352-4f43fc44ed4b","quantity":5,"time":"Thu, 10 Mar 2022 09:01:24 GMT"},{"fuel":"electric","id":"080d9823-e874-4b5b-99ff-2021f2a59b25","quantity":23,"time":"Mon, 7 Feb 2022 00:01:24 GMT"},{"fuel":"nuclear","id":"2cdd6f69-95df-437e-b4d3-e772472db8de","quantity":15,"time":"Tue, 08 Feb 2022 01:01:24 GMT"},{"fuel":"oil","id":"080d9823-e874-4b5b-99ff-2021f2a59b24","quantity":25,"time":"Thu, 10 Mar 2022 00:01:24 GMT"},{"fuel":"gas","id":"31fc32da-bccb-44ab-9352-4f43fc44ed4b","quantity":5,"time":"Thu, 10 Mar 2022 09:23:24 GMT"}]&#xD;
&#xD;
API Response: [{"fuel":"gas","id":"31fc32da-bccb-44ab-9352-4f43fc44ed4b","quantity":5,"time":"Thu, 10 Mar 2022 09:01:24 GMT"},{"fuel":"electric","id":"080d9823-e874-4b5b-99ff-2021f2a59b25","quantity":23,"time":"Mon, 7 Feb 2022 00:01:24 GMT"},{"fuel":"nuclear","id":"2cdd6f69-95df-437e-b4d3-e772472db8de","quantity":15,"time":"Tue, 08 Feb 2022 01:01:24 GMT"},{"fuel":"oil","id":"080d9823-e874-4b5b-99ff-2021f2a59b24","quantity":25,"time":"Thu, 10 Mar 2022 00:01:24 GMT"},{"fuel":"gas","id":"31fc32da-bccb-44ab-9352-4f43fc44ed4b","quantity":5,"time":"Thu, 10 Mar 2022 09:23:24 GMT"}]&#xD;
&#xD;
-&gt; done: PurchaseApplicationAPIStepDefinitions.WhenIRetrieveTheListOfOrders() (0.2s)&#xD;
Then the response status should be 200&#xD;
-&gt; done: PurchaseApplicationAPIStepDefinitions.ThenTheResponseStatusShouldBe(200) (0.0s)&#xD;
And I count how many orders were created before today&#xD;
?? Orders created before today (GMT): 5&#xD;
-&gt; done: PurchaseApplicationAPIStepDefinitions.ThenICountHowManyOrdersWereCreatedBeforeToday() (0.0s)</StdOut>
      </Output>
    </UnitTestResult>
    <UnitTestResult executionId="b1f4814b-0e9c-4266-be64-55c80adaabdd" testId="35d407e1-bad5-ceb0-caaa-e63aef2bd319" testName="TryToAccessTheAPIWithInvalidCredentials(&quot;test1&quot;,&quot;testing&quot;,&quot;6&quot;,null)" computerName="BOOK-0BFB5HL1LM" duration="00:00:00.7826149" startTime="2025-10-23T19:14:33.7986939+01:00" endTime="2025-10-23T19:14:34.5813076+01:00" testType="13cdc9d9-ddb5-4fa4-a97d-d965ccfc6d4b" outcome="Passed" testListId="8c84fa94-04c1-424b-9868-57a2d4851a1d" relativeResultsDirectory="b1f4814b-0e9c-4266-be64-55c80adaabdd">
      <Output>
        <StdOut>When I access the API with invalid credentials "test1" and "testing"&#xD;
\ud83c\udf0d Running tests in 'qa' environment&#xD;
API Response: {"message":"Unauthorized"}&#xD;
&#xD;
-&gt; done: PurchaseApplicationAPIStepDefinitions.WhenIAccessTheAPIWithInvalidCredentialsAnd("test1", "testing") (0.1s)&#xD;
Then the response status should be 401&#xD;
-&gt; done: PurchaseApplicationAPIStepDefinitions.ThenTheResponseStatusShouldBe(401) (0.0s)</StdOut>
      </Output>
    </UnitTestResult>
    <UnitTestResult executionId="4680101c-7d65-43cd-bb91-dbe4c93eb7f7" testId="8f99f900-b159-a9b3-b257-e8b803438f6e" testName="BuyWithInvalidEnergyTypeQuantityType(&quot;534354&quot;,&quot;53452&quot;,&quot;5&quot;,null)" computerName="BOOK-0BFB5HL1LM" duration="00:00:14.3537680" startTime="2025-10-23T19:14:16.9913091+01:00" endTime="2025-10-23T19:14:31.3450300+01:00" testType="13cdc9d9-ddb5-4fa4-a97d-d965ccfc6d4b" outcome="Passed" testListId="8c84fa94-04c1-424b-9868-57a2d4851a1d" relativeResultsDirectory="4680101c-7d65-43cd-bb91-dbe4c93eb7f7">
      <Output>
        <StdOut>When I buy 53452 units of 534354&#xD;
\ud83c\udf0d Running tests in 'qa' environment&#xD;
✅ Access Token retrieved successfully&#xD;
Status: 400, OK: False&#xD;
Response Body: {"message":"Bad request"}&#xD;
&#xD;
-&gt; done: PurchaseApplicationAPIStepDefinitions.WhenIBuyFuel("53452", "534354") (0.3s)&#xD;
Then the response status should be 400&#xD;
-&gt; done: PurchaseApplicationAPIStepDefinitions.ThenTheResponseStatusShouldBe(400) (0.0s)&#xD;
And the response message should contain "Bad request"&#xD;
-&gt; done: PurchaseApplicationAPIStepDefinitions.ThenTheResponseMessageShouldContain("Bad request") (0.5s)</StdOut>
      </Output>
    </UnitTestResult>
    <UnitTestResult executionId="66dabed2-0da3-42ec-9fe6-7a5c0ac2289c" testId="68201184-c6ff-b87a-d6cf-f05cbf5e2215" testName="PurchaseEnergyUnits(&quot;4&quot;,&quot;1&quot;,&quot;1&quot;,null)" computerName="BOOK-0BFB5HL1LM" duration="00:00:00.7754670" startTime="2025-10-23T19:14:32.1953283+01:00" endTime="2025-10-23T19:14:32.9707939+01:00" testType="13cdc9d9-ddb5-4fa4-a97d-d965ccfc6d4b" outcome="Passed" testListId="8c84fa94-04c1-424b-9868-57a2d4851a1d" relativeResultsDirectory="66dabed2-0da3-42ec-9fe6-7a5c0ac2289c">
      <Output>
        <StdOut>When I buy 1 units of 4&#xD;
\ud83c\udf0d Running tests in 'qa' environment&#xD;
✅ Access Token retrieved successfully&#xD;
Status: 200, OK: True&#xD;
Response Body: {"message":"You have purchased 1 Litres at a cost of 0.6 there are 19 units remaining. Your orderid is 04a5ed81-b080-42cd-8585-1902ceb1ab80."}&#xD;
&#xD;
-&gt; done: PurchaseApplicationAPIStepDefinitions.WhenIBuyFuel("1", "4") (0.2s)&#xD;
Then the response status should be 200&#xD;
-&gt; done: PurchaseApplicationAPIStepDefinitions.ThenTheResponseStatusShouldBe(200) (0.0s)</StdOut>
      </Output>
    </UnitTestResult>
    <UnitTestResult executionId="9c9c029b-b00f-4937-aeca-642f6eb8e9c1" testId="b73a7b52-26a4-8e5a-fe89-582ed16b0236" testName="ResetTheTestDataSuccessfully" computerName="BOOK-0BFB5HL1LM" duration="00:00:00.8273670" startTime="2025-10-23T19:14:32.9712188+01:00" endTime="2025-10-23T19:14:33.7985851+01:00" testType="13cdc9d9-ddb5-4fa4-a97d-d965ccfc6d4b" outcome="Passed" testListId="8c84fa94-04c1-424b-9868-57a2d4851a1d" relativeResultsDirectory="9c9c029b-b00f-4937-aeca-642f6eb8e9c1">
      <Output>
        <StdOut>Given I reset the test data&#xD;
\ud83c\udf0d Running tests in 'qa' environment&#xD;
✅ Access Token retrieved successfully&#xD;
Status: 200, OK: True&#xD;
Response Body: {"message":"Success"}&#xD;
&#xD;
API Response: {"message":"Success"}&#xD;
&#xD;
-&gt; done: PurchaseApplicationAPIStepDefinitions.GivenIResetTheTestData() (0.2s)&#xD;
Then the response status should be 200&#xD;
-&gt; done: PurchaseApplicationAPIStepDefinitions.ThenTheResponseStatusShouldBe(200) (0.0s)</StdOut>
      </Output>
    </UnitTestResult>
    <UnitTestResult executionId="7dd792cb-ca3d-4dd6-9aa5-1b5b33b66805" testId="7a205409-9cd6-a29e-edc9-97d1f7b72171" testName="VerifyOrdersListedCorrectly(&quot;oil&quot;,&quot;25&quot;,&quot;3&quot;,null)" computerName="BOOK-0BFB5HL1LM" duration="00:00:00.7819410" startTime="2025-10-23T19:14:35.4495761+01:00" endTime="2025-10-23T19:14:36.2315164+01:00" testType="13cdc9d9-ddb5-4fa4-a97d-d965ccfc6d4b" outcome="Passed" testListId="8c84fa94-04c1-424b-9868-57a2d4851a1d" relativeResultsDirectory="7dd792cb-ca3d-4dd6-9aa5-1b5b33b66805">
      <Output>
        <StdOut>When I retrieve the list of orders&#xD;
\ud83c\udf0d Running tests in 'qa' environment&#xD;
✅ Access Token retrieved successfully&#xD;
Status: 200, OK: True&#xD;
Response Body: [{"fuel":"electric","id":"080d9823-e874-4b5b-99ff-2021f2a59b25","quantity":23,"time":"Mon, 7 Feb 2022 00:01:24 GMT"},{"fuel":"nuclear","id":"2cdd6f69-95df-437e-b4d3-e772472db8de","quantity":15,"time":"Tue, 08 Feb 2022 01:01:24 GMT"},{"fuel":"oil","id":"080d9823-e874-4b5b-99ff-2021f2a59b24","quantity":25,"time":"Thu, 10 Mar 2022 00:01:24 GMT"},{"fuel":"gas","id":"31fc32da-bccb-44ab-9352-4f43fc44ed4b","quantity":5,"time":"Thu, 10 Mar 2022 09:23:24 GMT"},{"fuel":"gas","id":"31fc32da-bccb-44ab-9352-4f43fc44ed4b","quantity":5,"time":"Thu, 10 Mar 2022 09:01:24 GMT"}]&#xD;
&#xD;
API Response: [{"fuel":"electric","id":"080d9823-e874-4b5b-99ff-2021f2a59b25","quantity":23,"time":"Mon, 7 Feb 2022 00:01:24 GMT"},{"fuel":"nuclear","id":"2cdd6f69-95df-437e-b4d3-e772472db8de","quantity":15,"time":"Tue, 08 Feb 2022 01:01:24 GMT"},{"fuel":"oil","id":"080d9823-e874-4b5b-99ff-2021f2a59b24","quantity":25,"time":"Thu, 10 Mar 2022 00:01:24 GMT"},{"fuel":"gas","id":"31fc32da-bccb-44ab-9352-4f43fc44ed4b","quantity":5,"time":"Thu, 10 Mar 2022 09:23:24 GMT"},{"fuel":"gas","id":"31fc32da-bccb-44ab-9352-4f43fc44ed4b","quantity":5,"time":"Thu, 10 Mar 2022 09:01:24 GMT"}]&#xD;
&#xD;
-&gt; done: PurchaseApplicationAPIStepDefinitions.WhenIRetrieveTheListOfOrders() (0.2s)&#xD;
Then the response status should be 200&#xD;
-&gt; done: PurchaseApplicationAPIStepDefinitions.ThenTheResponseStatusShouldBe(200) (0.0s)&#xD;
And the order should be listed with oil and 25&#xD;
Matching order: {&#xD;
  "fuel": "oil",&#xD;
  "id": "080d9823-e874-4b5b-99ff-2021f2a59b24",&#xD;
  "quantity": 25,&#xD;
  "time": "Thu, 10 Mar 2022 00:01:24 GMT"&#xD;
}&#xD;
-&gt; done: PurchaseApplicationAPIStepDefinitions.ThenOrderShouldBeListed("oil", 25) (0.0s)</StdOut>
      </Output>
    </UnitTestResult>
  </Results>
  <TestDefinitions>
    <UnitTest name="CountHowManyOrdersWereCreatedBeforeTheCurrentDate" storage="c:\users\srava\source\repos\test_workspace\bin\debug\net8.0\reqnroll_playwright_api_automation_test.dll" id="3a50f32f-3dde-9e7a-e302-c9ad6e859201">
      <Execution id="9c493e50-d434-4594-bda9-aeee2fcb41fe" />
      <TestMethod codeBase="C:\Users\srava\source\repos\Test_workspace\bin\Debug\net8.0\Reqnroll_Playwright_API_Automation_Test.dll" adapterTypeName="executor://nunit3testexecutor/" className="Reqnroll_Playwright_API_Automation_Test.Features.PurchaseApplicationAPITestAutomationFeature" name="CountHowManyOrdersWereCreatedBeforeTheCurrentDate" />
    </UnitTest>
    <UnitTest name="PurchaseEnergyUnits(&quot;4&quot;,&quot;1&quot;,&quot;1&quot;,null)" storage="c:\users\srava\source\repos\test_workspace\bin\debug\net8.0\reqnroll_playwright_api_automation_test.dll" id="68201184-c6ff-b87a-d6cf-f05cbf5e2215">
      <Execution id="66dabed2-0da3-42ec-9fe6-7a5c0ac2289c" />
      <TestMethod codeBase="C:\Users\srava\source\repos\Test_workspace\bin\Debug\net8.0\Reqnroll_Playwright_API_Automation_Test.dll" adapterTypeName="executor://nunit3testexecutor/" className="Reqnroll_Playwright_API_Automation_Test.Features.PurchaseApplicationAPITestAutomationFeature" name="PurchaseEnergyUnits(&quot;4&quot;,&quot;1&quot;,&quot;1&quot;,null)" />
    </UnitTest>
    <UnitTest name="ResetTheTestDataSuccessfully" storage="c:\users\srava\source\repos\test_workspace\bin\debug\net8.0\reqnroll_playwright_api_automation_test.dll" id="b73a7b52-26a4-8e5a-fe89-582ed16b0236">
      <Execution id="9c9c029b-b00f-4937-aeca-642f6eb8e9c1" />
      <TestMethod codeBase="C:\Users\srava\source\repos\Test_workspace\bin\Debug\net8.0\Reqnroll_Playwright_API_Automation_Test.dll" adapterTypeName="executor://nunit3testexecutor/" className="Reqnroll_Playwright_API_Automation_Test.Features.PurchaseApplicationAPITestAutomationFeature" name="ResetTheTestDataSuccessfully" />
    </UnitTest>
    <UnitTest name="BuyWithInvalidEnergyTypeQuantityType(&quot;534354&quot;,&quot;53452&quot;,&quot;5&quot;,null)" storage="c:\users\srava\source\repos\test_workspace\bin\debug\net8.0\reqnroll_playwright_api_automation_test.dll" id="8f99f900-b159-a9b3-b257-e8b803438f6e">
      <Execution id="4680101c-7d65-43cd-bb91-dbe4c93eb7f7" />
      <TestMethod codeBase="C:\Users\srava\source\repos\Test_workspace\bin\Debug\net8.0\Reqnroll_Playwright_API_Automation_Test.dll" adapterTypeName="executor://nunit3testexecutor/" className="Reqnroll_Playwright_API_Automation_Test.Features.PurchaseApplicationAPITestAutomationFeature" name="BuyWithInvalidEnergyTypeQuantityType(&quot;534354&quot;,&quot;53452&quot;,&quot;5&quot;,null)" />
    </UnitTest>
    <UnitTest name="TryToAccessTheAPIWithInvalidCredentials(&quot;test1&quot;,&quot;testing&quot;,&quot;6&quot;,null)" storage="c:\users\srava\source\repos\test_workspace\bin\debug\net8.0\reqnroll_playwright_api_automation_test.dll" id="35d407e1-bad5-ceb0-caaa-e63aef2bd319">
      <Execution id="b1f4814b-0e9c-4266-be64-55c80adaabdd" />
      <TestMethod codeBase="C:\Users\srava\source\repos\Test_workspace\bin\Debug\net8.0\Reqnroll_Playwright_API_Automation_Test.dll" adapterTypeName="executor://nunit3testexecutor/" className="Reqnroll_Playwright_API_Automation_Test.Features.PurchaseApplicationAPITestAutomationFeature" name="TryToAccessTheAPIWithInvalidCredentials(&quot;test1&quot;,&quot;testing&quot;,&quot;6&quot;,null)" />
    </UnitTest>
    <UnitTest name="VerifyOrdersListedCorrectly(&quot;electric&quot;,&quot;23&quot;,&quot;2&quot;,null)" storage="c:\users\srava\source\repos\test_workspace\bin\debug\net8.0\reqnroll_playwright_api_automation_test.dll" id="d3974eea-efd8-870a-387c-3a8dcbd38321">
      <Execution id="7a3e9cc0-3fa9-4614-adf1-dc3d543ac56d" />
      <TestMethod codeBase="C:\Users\srava\source\repos\Test_workspace\bin\Debug\net8.0\Reqnroll_Playwright_API_Automation_Test.dll" adapterTypeName="executor://nunit3testexecutor/" className="Reqnroll_Playwright_API_Automation_Test.Features.PurchaseApplicationAPITestAutomationFeature" name="VerifyOrdersListedCorrectly(&quot;electric&quot;,&quot;23&quot;,&quot;2&quot;,null)" />
    </UnitTest>
    <UnitTest name="VerifyOrdersListedCorrectly(&quot;oil&quot;,&quot;25&quot;,&quot;3&quot;,null)" storage="c:\users\srava\source\repos\test_workspace\bin\debug\net8.0\reqnroll_playwright_api_automation_test.dll" id="7a205409-9cd6-a29e-edc9-97d1f7b72171">
      <Execution id="7dd792cb-ca3d-4dd6-9aa5-1b5b33b66805" />
      <TestMethod codeBase="C:\Users\srava\source\repos\Test_workspace\bin\Debug\net8.0\Reqnroll_Playwright_API_Automation_Test.dll" adapterTypeName="executor://nunit3testexecutor/" className="Reqnroll_Playwright_API_Automation_Test.Features.PurchaseApplicationAPITestAutomationFeature" name="VerifyOrdersListedCorrectly(&quot;oil&quot;,&quot;25&quot;,&quot;3&quot;,null)" />
    </UnitTest>
  </TestDefinitions>
  <TestEntries>
    <TestEntry testId="d3974eea-efd8-870a-387c-3a8dcbd38321" executionId="7a3e9cc0-3fa9-4614-adf1-dc3d543ac56d" testListId="8c84fa94-04c1-424b-9868-57a2d4851a1d" />
    <TestEntry testId="3a50f32f-3dde-9e7a-e302-c9ad6e859201" executionId="9c493e50-d434-4594-bda9-aeee2fcb41fe" testListId="8c84fa94-04c1-424b-9868-57a2d4851a1d" />
    <TestEntry testId="35d407e1-bad5-ceb0-caaa-e63aef2bd319" executionId="b1f4814b-0e9c-4266-be64-55c80adaabdd" testListId="8c84fa94-04c1-424b-9868-57a2d4851a1d" />
    <TestEntry testId="8f99f900-b159-a9b3-b257-e8b803438f6e" executionId="4680101c-7d65-43cd-bb91-dbe4c93eb7f7" testListId="8c84fa94-04c1-424b-9868-57a2d4851a1d" />
    <TestEntry testId="68201184-c6ff-b87a-d6cf-f05cbf5e2215" executionId="66dabed2-0da3-42ec-9fe6-7a5c0ac2289c" testListId="8c84fa94-04c1-424b-9868-57a2d4851a1d" />
    <TestEntry testId="b73a7b52-26a4-8e5a-fe89-582ed16b0236" executionId="9c9c029b-b00f-4937-aeca-642f6eb8e9c1" testListId="8c84fa94-04c1-424b-9868-57a2d4851a1d" />
    <TestEntry testId="7a205409-9cd6-a29e-edc9-97d1f7b72171" executionId="7dd792cb-ca3d-4dd6-9aa5-1b5b33b66805" testListId="8c84fa94-04c1-424b-9868-57a2d4851a1d" />
  </TestEntries>
  <TestLists>
    <TestList name="Results Not in a List" id="8c84fa94-04c1-424b-9868-57a2d4851a1d" />
    <TestList name="All Loaded Results" id="19431567-8539-422a-85d7-44ee4e166bda" />
  </TestLists>
  <ResultSummary outcome="Completed">
    <Counters total="7" executed="7" passed="7" failed="0" error="0" timeout="0" aborted="0" inconclusive="0" passedButRunAborted="0" notRunnable="0" notExecuted="0" disconnected="0" warning="0" completed="0" inProgress="0" pending="0" />
    <Output>
      <StdOut>NUnit Adapter 5.1.0.0: Test execution started&#xD;
Running selected tests in C:\Users\srava\source\repos\Test_workspace\bin\Debug\net8.0\Reqnroll_Playwright_API_Automation_Test.dll&#xD;
   NUnit3TestExecutor discovered 7 of 7 NUnit test cases using Current Discovery mode, Non-Explicit run&#xD;
When I buy 53452 units of 534354&#xD;
\ud83c\udf0d Running tests in 'qa' environment&#xD;
✅ Access Token retrieved successfully&#xD;
Status: 400, OK: False&#xD;
Response Body: {"message":"Bad request"}&#xD;
&#xD;
-&gt; done: PurchaseApplicationAPIStepDefinitions.WhenIBuyFuel("53452", "534354") (0.3s)&#xD;
Then the response status should be 400&#xD;
-&gt; done: PurchaseApplicationAPIStepDefinitions.ThenTheResponseStatusShouldBe(400) (0.0s)&#xD;
And the response message should contain "Bad request"&#xD;
-&gt; done: PurchaseApplicationAPIStepDefinitions.ThenTheResponseMessageShouldContain("Bad request") (0.5s)&#xD;
&#xD;
When I retrieve the list of orders&#xD;
\ud83c\udf0d Running tests in 'qa' environment&#xD;
✅ Access Token retrieved successfully&#xD;
Status: 200, OK: True&#xD;
Response Body: [{"fuel":"gas","id":"31fc32da-bccb-44ab-9352-4f43fc44ed4b","quantity":5,"time":"Thu, 10 Mar 2022 09:01:24 GMT"},{"fuel":"electric","id":"080d9823-e874-4b5b-99ff-2021f2a59b25","quantity":23,"time":"Mon, 7 Feb 2022 00:01:24 GMT"},{"fuel":"nuclear","id":"2cdd6f69-95df-437e-b4d3-e772472db8de","quantity":15,"time":"Tue, 08 Feb 2022 01:01:24 GMT"},{"fuel":"oil","id":"080d9823-e874-4b5b-99ff-2021f2a59b24","quantity":25,"time":"Thu, 10 Mar 2022 00:01:24 GMT"},{"fuel":"gas","id":"31fc32da-bccb-44ab-9352-4f43fc44ed4b","quantity":5,"time":"Thu, 10 Mar 2022 09:23:24 GMT"}]&#xD;
&#xD;
API Response: [{"fuel":"gas","id":"31fc32da-bccb-44ab-9352-4f43fc44ed4b","quantity":5,"time":"Thu, 10 Mar 2022 09:01:24 GMT"},{"fuel":"electric","id":"080d9823-e874-4b5b-99ff-2021f2a59b25","quantity":23,"time":"Mon, 7 Feb 2022 00:01:24 GMT"},{"fuel":"nuclear","id":"2cdd6f69-95df-437e-b4d3-e772472db8de","quantity":15,"time":"Tue, 08 Feb 2022 01:01:24 GMT"},{"fuel":"oil","id":"080d9823-e874-4b5b-99ff-2021f2a59b24","quantity":25,"time":"Thu, 10 Mar 2022 00:01:24 GMT"},{"fuel":"gas","id":"31fc32da-bccb-44ab-9352-4f43fc44ed4b","quantity":5,"time":"Thu, 10 Mar 2022 09:23:24 GMT"}]&#xD;
&#xD;
-&gt; done: PurchaseApplicationAPIStepDefinitions.WhenIRetrieveTheListOfOrders() (0.2s)&#xD;
Then the response status should be 200&#xD;
-&gt; done: PurchaseApplicationAPIStepDefinitions.ThenTheResponseStatusShouldBe(200) (0.0s)&#xD;
And I count how many orders were created before today&#xD;
?? Orders created before today (GMT): 5&#xD;
-&gt; done: PurchaseApplicationAPIStepDefinitions.ThenICountHowManyOrdersWereCreatedBeforeToday() (0.0s)&#xD;
&#xD;
When I buy 1 units of 4&#xD;
\ud83c\udf0d Running tests in 'qa' environment&#xD;
✅ Access Token retrieved successfully&#xD;
Status: 200, OK: True&#xD;
Response Body: {"message":"You have purchased 1 Litres at a cost of 0.6 there are 19 units remaining. Your orderid is 04a5ed81-b080-42cd-8585-1902ceb1ab80."}&#xD;
&#xD;
-&gt; done: PurchaseApplicationAPIStepDefinitions.WhenIBuyFuel("1", "4") (0.2s)&#xD;
Then the response status should be 200&#xD;
-&gt; done: PurchaseApplicationAPIStepDefinitions.ThenTheResponseStatusShouldBe(200) (0.0s)&#xD;
&#xD;
Given I reset the test data&#xD;
\ud83c\udf0d Running tests in 'qa' environment&#xD;
✅ Access Token retrieved successfully&#xD;
Status: 200, OK: True&#xD;
Response Body: {"message":"Success"}&#xD;
&#xD;
API Response: {"message":"Success"}&#xD;
&#xD;
-&gt; done: PurchaseApplicationAPIStepDefinitions.GivenIResetTheTestData() (0.2s)&#xD;
Then the response status should be 200&#xD;
-&gt; done: PurchaseApplicationAPIStepDefinitions.ThenTheResponseStatusShouldBe(200) (0.0s)&#xD;
&#xD;
When I access the API with invalid credentials "test1" and "testing"&#xD;
\ud83c\udf0d Running tests in 'qa' environment&#xD;
API Response: {"message":"Unauthorized"}&#xD;
&#xD;
-&gt; done: PurchaseApplicationAPIStepDefinitions.WhenIAccessTheAPIWithInvalidCredentialsAnd("test1", "testing") (0.1s)&#xD;
Then the response status should be 401&#xD;
-&gt; done: PurchaseApplicationAPIStepDefinitions.ThenTheResponseStatusShouldBe(401) (0.0s)&#xD;
&#xD;
When I retrieve the list of orders&#xD;
\ud83c\udf0d Running tests in 'qa' environment&#xD;
✅ Access Token retrieved successfully&#xD;
Status: 200, OK: True&#xD;
Response Body: [{"fuel":"electric","id":"080d9823-e874-4b5b-99ff-2021f2a59b25","quantity":23,"time":"Mon, 7 Feb 2022 00:01:24 GMT"},{"fuel":"gas","id":"31fc32da-bccb-44ab-9352-4f43fc44ed4b","quantity":5,"time":"Thu, 10 Mar 2022 09:23:24 GMT"},{"fuel":"oil","id":"080d9823-e874-4b5b-99ff-2021f2a59b24","quantity":25,"time":"Thu, 10 Mar 2022 00:01:24 GMT"},{"fuel":"nuclear","id":"2cdd6f69-95df-437e-b4d3-e772472db8de","quantity":15,"time":"Tue, 08 Feb 2022 01:01:24 GMT"},{"fuel":"gas","id":"31fc32da-bccb-44ab-9352-4f43fc44ed4b","quantity":5,"time":"Thu, 10 Mar 2022 09:01:24 GMT"}]&#xD;
&#xD;
API Response: [{"fuel":"electric","id":"080d9823-e874-4b5b-99ff-2021f2a59b25","quantity":23,"time":"Mon, 7 Feb 2022 00:01:24 GMT"},{"fuel":"gas","id":"31fc32da-bccb-44ab-9352-4f43fc44ed4b","quantity":5,"time":"Thu, 10 Mar 2022 09:23:24 GMT"},{"fuel":"oil","id":"080d9823-e874-4b5b-99ff-2021f2a59b24","quantity":25,"time":"Thu, 10 Mar 2022 00:01:24 GMT"},{"fuel":"nuclear","id":"2cdd6f69-95df-437e-b4d3-e772472db8de","quantity":15,"time":"Tue, 08 Feb 2022 01:01:24 GMT"},{"fuel":"gas","id":"31fc32da-bccb-44ab-9352-4f43fc44ed4b","quantity":5,"time":"Thu, 10 Mar 2022 09:01:24 GMT"}]&#xD;
&#xD;
-&gt; done: PurchaseApplicationAPIStepDefinitions.WhenIRetrieveTheListOfOrders() (0.2s)&#xD;
Then the response status should be 200&#xD;
-&gt; done: PurchaseApplicationAPIStepDefinitions.ThenTheResponseStatusShouldBe(200) (0.0s)&#xD;
And the order should be listed with electric and 23&#xD;
Matching order: {&#xD;
  "fuel": "electric",&#xD;
  "id": "080d9823-e874-4b5b-99ff-2021f2a59b25",&#xD;
  "quantity": 23,&#xD;
  "time": "Mon, 7 Feb 2022 00:01:24 GMT"&#xD;
}&#xD;
-&gt; done: PurchaseApplicationAPIStepDefinitions.ThenOrderShouldBeListed("electric", 23) (0.0s)&#xD;
&#xD;
When I retrieve the list of orders&#xD;
\ud83c\udf0d Running tests in 'qa' environment&#xD;
✅ Access Token retrieved successfully&#xD;
Status: 200, OK: True&#xD;
Response Body: [{"fuel":"electric","id":"080d9823-e874-4b5b-99ff-2021f2a59b25","quantity":23,"time":"Mon, 7 Feb 2022 00:01:24 GMT"},{"fuel":"nuclear","id":"2cdd6f69-95df-437e-b4d3-e772472db8de","quantity":15,"time":"Tue, 08 Feb 2022 01:01:24 GMT"},{"fuel":"oil","id":"080d9823-e874-4b5b-99ff-2021f2a59b24","quantity":25,"time":"Thu, 10 Mar 2022 00:01:24 GMT"},{"fuel":"gas","id":"31fc32da-bccb-44ab-9352-4f43fc44ed4b","quantity":5,"time":"Thu, 10 Mar 2022 09:23:24 GMT"},{"fuel":"gas","id":"31fc32da-bccb-44ab-9352-4f43fc44ed4b","quantity":5,"time":"Thu, 10 Mar 2022 09:01:24 GMT"}]&#xD;
&#xD;
API Response: [{"fuel":"electric","id":"080d9823-e874-4b5b-99ff-2021f2a59b25","quantity":23,"time":"Mon, 7 Feb 2022 00:01:24 GMT"},{"fuel":"nuclear","id":"2cdd6f69-95df-437e-b4d3-e772472db8de","quantity":15,"time":"Tue, 08 Feb 2022 01:01:24 GMT"},{"fuel":"oil","id":"080d9823-e874-4b5b-99ff-2021f2a59b24","quantity":25,"time":"Thu, 10 Mar 2022 00:01:24 GMT"},{"fuel":"gas","id":"31fc32da-bccb-44ab-9352-4f43fc44ed4b","quantity":5,"time":"Thu, 10 Mar 2022 09:23:24 GMT"},{"fuel":"gas","id":"31fc32da-bccb-44ab-9352-4f43fc44ed4b","quantity":5,"time":"Thu, 10 Mar 2022 09:01:24 GMT"}]&#xD;
&#xD;
-&gt; done: PurchaseApplicationAPIStepDefinitions.WhenIRetrieveTheListOfOrders() (0.2s)&#xD;
Then the response status should be 200&#xD;
-&gt; done: PurchaseApplicationAPIStepDefinitions.ThenTheResponseStatusShouldBe(200) (0.0s)&#xD;
And the order should be listed with oil and 25&#xD;
Matching order: {&#xD;
  "fuel": "oil",&#xD;
  "id": "080d9823-e874-4b5b-99ff-2021f2a59b24",&#xD;
  "quantity": 25,&#xD;
  "time": "Thu, 10 Mar 2022 00:01:24 GMT"&#xD;
}&#xD;
-&gt; done: PurchaseApplicationAPIStepDefinitions.ThenOrderShouldBeListed("oil", 25) (0.0s)&#xD;
&#xD;
NUnit Adapter 5.1.0.0: Test execution complete&#xD;
</StdOut>
    </Output>
  </ResultSummary>
</TestRun>